<?xml version="1.0" encoding="UTF-8"?>
<!-- Generated by org.testng.reporters.JUnitReportReporter -->
<testsuite hostname="Sasidhars-Air" failures="0" tests="1" name="com.mystore.testcases.SearchResultPageTest" time="9.397" errors="0" timestamp="2022-07-20T13:21:32 PDT" skipped="0">
  <testcase classname="com.mystore.testcases.SearchResultPageTest" name="productAviabilityTest" time="9.397"/>
  <system-out/>
</testsuite> <!-- com.mystore.testcases.SearchResultPageTest -->
