<?xml version="1.0" encoding="UTF-8"?>
<!-- Generated by org.testng.reporters.JUnitReportReporter -->
<testsuite hostname="Sasidhars-Air" failures="0" tests="1" name="com.mystore.testcases.EndTOEndTest" time="103.010" errors="0" timestamp="2022-07-20T13:21:32 PDT" skipped="0">
  <testcase classname="com.mystore.testcases.EndTOEndTest" name="endtoendTest" time="103.010"/>
  <system-out/>
</testsuite> <!-- com.mystore.testcases.EndTOEndTest -->
