<?xml version="1.0" encoding="UTF-8"?>
<!-- Generated by org.testng.reporters.JUnitReportReporter -->
<testsuite hostname="Sasidhars-Air" failures="0" tests="2" name="com.mystore.testcases.HomePageTest" time="25.876" errors="0" timestamp="2022-07-20T13:21:32 PDT" skipped="0">
  <testcase classname="com.mystore.testcases.HomePageTest" name="wishListTest" time="13.799"/>
  <system-out/>
  <testcase classname="com.mystore.testcases.HomePageTest" name="orderHistoryDetailsTest" time="12.077"/>
  <system-out/>
</testsuite> <!-- com.mystore.testcases.HomePageTest -->
